生成启动时间为 2017-5-3 22:50:30。
     1>项目“C:\Documents and Settings\sa\桌面\常熟理工学院门禁预约系统\常熟理工学院门禁预约系统\常熟理工学院门禁预约系统.vcxproj”在节点 2 上(build 个目标)。
     1>InitializeBuildStatus:
         正在创建“Debug\常熟理工学院门禁预约系统.unsuccessfulbuild”，因为已指定“AlwaysCreate”。
       ClCompile:
         所有输出均为最新。
         C:\Program Files\Microsoft Visual Studio 10.0\VC\bin\CL.exe /c /ZI /nologo /W3 /WX- /Od /Oy- /D WIN32 /D _WINDOWS /D _DEBUG /D _UNICODE /D UNICODE /Gm /EHsc /RTC1 /MTd /GS /fp:precise /Zc:wchar_t /Zc:forScope /Yu"StdAfx.h" /Fp"Debug\常熟理工学院门禁预约系统.pch" /Fo"Debug\\" /Fd"Debug\vc100.pdb" /Gd /TP /analyze- /errorReport:prompt GetReservationsFromDB.cpp
         GetReservationsFromDB.cpp
       ResourceCompile:
         所有输出均为最新。
       ManifestResourceCompile:
         所有输出均为最新。
       Link:
         C:\Program Files\Microsoft Visual Studio 10.0\VC\bin\link.exe /ERRORREPORT:PROMPT /OUT:"C:\Documents and Settings\sa\桌面\常熟理工学院门禁预约系统\Debug\常熟理工学院门禁预约系统.exe" /INCREMENTAL /NOLOGO /MANIFEST /ManifestFile:"Debug\常熟理工学院门禁预约系统.exe.intermediate.manifest" /MANIFESTUAC:"level='asInvoker' uiAccess='false'" /DEBUG /PDB:"C:\Documents and Settings\sa\桌面\常熟理工学院门禁预约系统\Debug\常熟理工学院门禁预约系统.pdb" /SUBSYSTEM:WINDOWS /TLBID:1 /ENTRY:"wWinMainCRTStartup" /DYNAMICBASE /NXCOMPAT /IMPLIB:"C:\Documents and Settings\sa\桌面\常熟理工学院门禁预约系统\Debug\常熟理工学院门禁预约系统.lib" /MACHINE:X86 "Debug\常熟理工学院门禁预约系统.res"
         "Debug\常熟理工学院门禁预约系统.exe.embed.manifest.res"
         Debug\ActivityRoom.obj
         Debug\GetReservationsFromDB.obj
         Debug\MyDB.obj
         Debug\ReservationMessages.obj
         Debug\stdafx.obj
         "Debug\常熟理工学院门禁预约系统.obj"
         "Debug\常熟理工学院门禁预约系统Dlg.obj"
       Manifest:
         C:\Program Files\Microsoft SDKs\Windows\v7.0A\bin\mt.exe /nologo /verbose /out:"Debug\常熟理工学院门禁预约系统.exe.embed.manifest" /manifest "Debug\常熟理工学院门禁预约系统.exe.intermediate.manifest" "C:\Program Files\Microsoft Visual Studio 10.0\VC\Include\Manifest\dpiaware.manifest"
         所有输出均为最新。
       LinkEmbedManifest:
         所有输出均为最新。
         常熟理工学院门禁预约系统.vcxproj -> C:\Documents and Settings\sa\桌面\常熟理工学院门禁预约系统\Debug\常熟理工学院门禁预约系统.exe
       FinalizeBuildStatus:
         正在删除文件“Debug\常熟理工学院门禁预约系统.unsuccessfulbuild”。
         正在对“Debug\常熟理工学院门禁预约系统.lastbuildstate”执行 Touch 任务。
     1>已完成生成项目“C:\Documents and Settings\sa\桌面\常熟理工学院门禁预约系统\常熟理工学院门禁预约系统\常熟理工学院门禁预约系统.vcxproj”(build 个目标)的操作。

生成成功。

已用时间 00:00:01.35
