C:\Documents and Settings\sa\桌面\常熟理工学院门禁预约系统\Debug\常熟理工学院门禁预约系统.pdb
C:\Documents and Settings\sa\桌面\常熟理工学院门禁预约系统\常熟理工学院门禁预约系统\Debug\cl.command.1.tlog
C:\Documents and Settings\sa\桌面\常熟理工学院门禁预约系统\常熟理工学院门禁预约系统\Debug\CL.read.1.tlog
C:\Documents and Settings\sa\桌面\常熟理工学院门禁预约系统\常熟理工学院门禁预约系统\Debug\CL.write.1.tlog
C:\DOCUMENTS AND SETTINGS\SA\桌面\常熟理工学院门禁预约系统\常熟理工学院门禁预约系统\DEBUG\GETRESERVATIONSFROMDB.OBJ
C:\Documents and Settings\sa\桌面\常熟理工学院门禁预约系统\常熟理工学院门禁预约系统\Debug\link.2292.read.1.tlog
C:\Documents and Settings\sa\桌面\常熟理工学院门禁预约系统\常熟理工学院门禁预约系统\Debug\link.2292.write.1.tlog
C:\Documents and Settings\sa\桌面\常熟理工学院门禁预约系统\常熟理工学院门禁预约系统\Debug\link.2292-cvtres.read.1.tlog
C:\Documents and Settings\sa\桌面\常熟理工学院门禁预约系统\常熟理工学院门禁预约系统\Debug\link.2292-cvtres.write.1.tlog
C:\Documents and Settings\sa\桌面\常熟理工学院门禁预约系统\常熟理工学院门禁预约系统\Debug\link.3604.read.1.tlog
C:\Documents and Settings\sa\桌面\常熟理工学院门禁预约系统\常熟理工学院门禁预约系统\Debug\link.3604.write.1.tlog
C:\Documents and Settings\sa\桌面\常熟理工学院门禁预约系统\常熟理工学院门禁预约系统\Debug\link.3604-cvtres.read.1.tlog
C:\Documents and Settings\sa\桌面\常熟理工学院门禁预约系统\常熟理工学院门禁预约系统\Debug\link.3604-cvtres.write.1.tlog
C:\Documents and Settings\sa\桌面\常熟理工学院门禁预约系统\常熟理工学院门禁预约系统\Debug\link.command.1.tlog
C:\Documents and Settings\sa\桌面\常熟理工学院门禁预约系统\常熟理工学院门禁预约系统\Debug\link.read.1.tlog
C:\Documents and Settings\sa\桌面\常熟理工学院门禁预约系统\常熟理工学院门禁预约系统\Debug\link.write.1.tlog
C:\Documents and Settings\sa\桌面\常熟理工学院门禁预约系统\常熟理工学院门禁预约系统\Debug\link-cvtres.read.1.tlog
C:\Documents and Settings\sa\桌面\常熟理工学院门禁预约系统\常熟理工学院门禁预约系统\Debug\link-cvtres.write.1.tlog
C:\Documents and Settings\sa\桌面\常熟理工学院门禁预约系统\常熟理工学院门禁预约系统\Debug\mt.command.1.tlog
C:\Documents and Settings\sa\桌面\常熟理工学院门禁预约系统\常熟理工学院门禁预约系统\Debug\mt.read.1.tlog
C:\Documents and Settings\sa\桌面\常熟理工学院门禁预约系统\常熟理工学院门禁预约系统\Debug\mt.write.1.tlog
C:\DOCUMENTS AND SETTINGS\SA\桌面\常熟理工学院门禁预约系统\常熟理工学院门禁预约系统\DEBUG\MYDB.OBJ
C:\Documents and Settings\sa\桌面\常熟理工学院门禁预约系统\常熟理工学院门禁预约系统\Debug\rc.command.1.tlog
C:\Documents and Settings\sa\桌面\常熟理工学院门禁预约系统\常熟理工学院门禁预约系统\Debug\rc.read.1.tlog
C:\Documents and Settings\sa\桌面\常熟理工学院门禁预约系统\常熟理工学院门禁预约系统\Debug\rc.write.1.tlog
C:\DOCUMENTS AND SETTINGS\SA\桌面\常熟理工学院门禁预约系统\常熟理工学院门禁预约系统\DEBUG\RESERVATIONMESSAGES.OBJ
C:\DOCUMENTS AND SETTINGS\SA\桌面\常熟理工学院门禁预约系统\常熟理工学院门禁预约系统\DEBUG\STDAFX.OBJ
C:\Documents and Settings\sa\桌面\常熟理工学院门禁预约系统\常熟理工学院门禁预约系统\Debug\vc100.idb
C:\DOCUMENTS AND SETTINGS\SA\桌面\常熟理工学院门禁预约系统\常熟理工学院门禁预约系统\DEBUG\VC100.PDB
C:\DOCUMENTS AND SETTINGS\SA\桌面\常熟理工学院门禁预约系统\常熟理工学院门禁预约系统\DEBUG\常熟理工学院门禁预约系统.EXE.EMBED.MANIFEST
C:\DOCUMENTS AND SETTINGS\SA\桌面\常熟理工学院门禁预约系统\常熟理工学院门禁预约系统\DEBUG\常熟理工学院门禁预约系统.EXE.EMBED.MANIFEST.RES
C:\Documents and Settings\sa\桌面\常熟理工学院门禁预约系统\常熟理工学院门禁预约系统\Debug\常熟理工学院门禁预约系统.exe.intermediate.manifest
C:\DOCUMENTS AND SETTINGS\SA\桌面\常熟理工学院门禁预约系统\常熟理工学院门禁预约系统\DEBUG\常熟理工学院门禁预约系统.OBJ
C:\DOCUMENTS AND SETTINGS\SA\桌面\常熟理工学院门禁预约系统\常熟理工学院门禁预约系统\DEBUG\常熟理工学院门禁预约系统.PCH
C:\DOCUMENTS AND SETTINGS\SA\桌面\常熟理工学院门禁预约系统\常熟理工学院门禁预约系统\DEBUG\常熟理工学院门禁预约系统.RES
C:\Documents and Settings\sa\桌面\常熟理工学院门禁预约系统\常熟理工学院门禁预约系统\Debug\常熟理工学院门禁预约系统_manifest.rc
C:\DOCUMENTS AND SETTINGS\SA\桌面\常熟理工学院门禁预约系统\常熟理工学院门禁预约系统\DEBUG\常熟理工学院门禁预约系统DLG.OBJ
