生成启动时间为 2017/3/18 21:11:11。
     1>项目“E:\Project Engineering\门禁预约系统\参考资料\硬件\伦邦NOBON驱动\伦邦NOBON门禁二次开发包\开发包\dll2008年11月26日\dll2008年11月26日\wcomm_sdk-20080103\wcomm_sdk\V1.0\Samples\VC6.0\NET Controller-VC6.0\controllerMFC_V6.vcxproj”在节点 2 上(build 个目标)。
     1>InitializeBuildStatus:
         正在对“.\Debug\controllerMFC_V6.unsuccessfulbuild”执行 Touch 任务。
       ClCompile:
         C:\Program Files (x86)\Microsoft Visual Studio 10.0\VC\bin\CL.exe /c /ZI /nologo /W3 /WX- /Od /Oy- /D WIN32 /D _DEBUG /D _WINDOWS /D _VC80_UPGRADE=0x0600 /D _MBCS /Gm /EHsc /RTC1 /MTd /GS /Gy- /fp:precise /Zc:wchar_t /Zc:forScope /Yc"stdafx.h" /Fp".\Debug\controllerMFC_V6.pch" /Fo".\Debug\\" /Fd".\Debug\vc100.pdb" /FR".\Debug\\" /Gd /TP /analyze- /errorReport:prompt StdAfx.cpp
         StdAfx.cpp
         _WIN32_WINNT not defined. Defaulting to _WIN32_WINNT_MAXVER (see WinSDKVer.h)
         C:\Program Files (x86)\Microsoft Visual Studio 10.0\VC\bin\CL.exe /c /ZI /nologo /W3 /WX- /Od /Oy- /D WIN32 /D _DEBUG /D _WINDOWS /D _VC80_UPGRADE=0x0600 /D _MBCS /Gm /EHsc /RTC1 /MTd /GS /Gy- /fp:precise /Zc:wchar_t /Zc:forScope /Yu"stdafx.h" /Fp".\Debug\controllerMFC_V6.pch" /Fo".\Debug\\" /Fd".\Debug\vc100.pdb" /FR".\Debug\\" /Gd /TP /analyze- /errorReport:prompt controllerMFC_V6.cpp controllerMFC_V6Dlg.cpp
         controllerMFC_V6Dlg.cpp
         controllerMFC_V6.cpp
     1>e:\project engineering\门禁预约系统\参考资料\硬件\伦邦nobon驱动\伦邦nobon门禁二次开发包\开发包\dll2008年11月26日\dll2008年11月26日\wcomm_sdk-20080103\wcomm_sdk\v1.0\samples\vc6.0\net controller-vc6.0\controllermfc_v6.cpp(45): warning C4996: 'CWinApp::Enable3dControlsStatic': CWinApp::Enable3dControlsStatic is no longer needed. You should remove this call.
                 c:\program files (x86)\microsoft visual studio 10.0\vc\atlmfc\include\afxwin.h(5347) : 参见“CWinApp::Enable3dControlsStatic”的声明
         正在生成代码...
       ResourceCompile:
         C:\Program Files (x86)\Microsoft SDKs\Windows\v7.0A\bin\rc.exe /D _DEBUG /D _VC80_UPGRADE=0x0600 /l"0x0804" /nologo /fo".\Debug\controllerMFC_V6.res" controllerMFC_V6.rc 
       ManifestResourceCompile:
         C:\Program Files (x86)\Microsoft SDKs\Windows\v7.0A\bin\rc.exe /nologo /fo".\Debug\controllerMFC_V6.exe.embed.manifest.res" .\Debug\controllerMFC_V6_manifest.rc 
       Link:
         C:\Program Files (x86)\Microsoft Visual Studio 10.0\VC\bin\link.exe /ERRORREPORT:PROMPT /OUT:".\Debug\controllerMFC_V6.exe" /INCREMENTAL /NOLOGO /MANIFEST /ManifestFile:".\Debug\controllerMFC_V6.exe.intermediate.manifest" /MANIFESTUAC:"level='asInvoker' uiAccess='false'" /DEBUG /PDB:"E:\Project Engineering\门禁预约系统\参考资料\硬件\伦邦NOBON驱动\伦邦NOBON门禁二次开发包\开发包\dll2008年11月26日\dll2008年11月26日\wcomm_sdk-20080103\wcomm_sdk\V1.0\Samples\VC6.0\NET Controller-VC6.0\Debug\controllerMFC_V6.pdb" /SUBSYSTEM:WINDOWS /TLBID:1 /DYNAMICBASE /NXCOMPAT /IMPLIB:".\Debug\controllerMFC_V6.lib" /MACHINE:X86 .\Debug\controllerMFC_V6.res
         .\Debug\controllerMFC_V6.exe.embed.manifest.res
         .\Debug\controllerMFC_V6.obj
         .\Debug\controllerMFC_V6Dlg.obj
         .\Debug\StdAfx.obj
     1>LINK : warning LNK4076: 增量状态文件“.\Debug\controllerMFC_V6.ilk”无效(将删除)；正以非增量方式链接
       Manifest:
         C:\Program Files (x86)\Microsoft SDKs\Windows\v7.0A\bin\mt.exe /nologo /verbose /out:".\Debug\controllerMFC_V6.exe.embed.manifest" /manifest .\Debug\controllerMFC_V6.exe.intermediate.manifest "C:\Program Files (x86)\Microsoft Visual Studio 10.0\VC\Include\Manifest\dpiaware.manifest"
         C:\Program Files (x86)\Microsoft SDKs\Windows\v7.0A\bin\rc.exe /nologo /fo".\Debug\controllerMFC_V6.exe.embed.manifest.res" .\Debug\controllerMFC_V6_manifest.rc 
       LinkEmbedManifest:
         C:\Program Files (x86)\Microsoft Visual Studio 10.0\VC\bin\link.exe /ERRORREPORT:PROMPT /OUT:".\Debug\controllerMFC_V6.exe" /INCREMENTAL /NOLOGO /MANIFEST /ManifestFile:".\Debug\controllerMFC_V6.exe.intermediate.manifest" /MANIFESTUAC:"level='asInvoker' uiAccess='false'" /DEBUG /PDB:"E:\Project Engineering\门禁预约系统\参考资料\硬件\伦邦NOBON驱动\伦邦NOBON门禁二次开发包\开发包\dll2008年11月26日\dll2008年11月26日\wcomm_sdk-20080103\wcomm_sdk\V1.0\Samples\VC6.0\NET Controller-VC6.0\Debug\controllerMFC_V6.pdb" /SUBSYSTEM:WINDOWS /TLBID:1 /DYNAMICBASE /NXCOMPAT /IMPLIB:".\Debug\controllerMFC_V6.lib" /MACHINE:X86 .\Debug\controllerMFC_V6.res
         .\Debug\controllerMFC_V6.exe.embed.manifest.res
         .\Debug\controllerMFC_V6.obj
         .\Debug\controllerMFC_V6Dlg.obj
         .\Debug\StdAfx.obj
         controllerMFC_V6.vcxproj -> E:\Project Engineering\门禁预约系统\参考资料\硬件\伦邦NOBON驱动\伦邦NOBON门禁二次开发包\开发包\dll2008年11月26日\dll2008年11月26日\wcomm_sdk-20080103\wcomm_sdk\V1.0\Samples\VC6.0\NET Controller-VC6.0\.\Debug\controllerMFC_V6.exe
       BscMake:
         C:\Program Files (x86)\Microsoft Visual Studio 10.0\VC\bin\bscmake.exe /nologo /o".\Debug\controllerMFC_V6.bsc" .\Debug\controllerMFC_V6.sbr .\Debug\controllerMFC_V6Dlg.sbr .\Debug\StdAfx.sbr
       FinalizeBuildStatus:
         正在删除文件“.\Debug\controllerMFC_V6.unsuccessfulbuild”。
         正在对“.\Debug\controllerMFC_V6.lastbuildstate”执行 Touch 任务。
     1>已完成生成项目“E:\Project Engineering\门禁预约系统\参考资料\硬件\伦邦NOBON驱动\伦邦NOBON门禁二次开发包\开发包\dll2008年11月26日\dll2008年11月26日\wcomm_sdk-20080103\wcomm_sdk\V1.0\Samples\VC6.0\NET Controller-VC6.0\controllerMFC_V6.vcxproj”(build 个目标)的操作。

生成成功。

已用时间 00:00:16.37
